  main.cpp
c:\users\youna\documents\visual studio 2015\projects\git_algorithms\algrithoms\main.cpp(1): warning C4068: 未知的杂注
c:\users\youna\documents\visual studio 2015\projects\git_algorithms\algrithoms\algoritm.h(81): warning C4018: “<”: 有符号/无符号不匹配
c:\users\youna\documents\visual studio 2015\projects\git_algorithms\algrithoms\algoritm.h(91): warning C4018: “<”: 有符号/无符号不匹配
c:\users\youna\documents\visual studio 2015\projects\git_algorithms\algrithoms\algoritm.h(97): warning C4018: “<”: 有符号/无符号不匹配
c:\users\youna\documents\visual studio 2015\projects\git_algorithms\algrithoms\algoritm.h(125): warning C4018: “<”: 有符号/无符号不匹配
c:\users\youna\documents\visual studio 2015\projects\git_algorithms\algrithoms\algoritm.h(408): warning C4018: “<”: 有符号/无符号不匹配
  c:\users\youna\documents\visual studio 2015\projects\git_algorithms\algrithoms\main.cpp(152): note: 参见对正在编译的函数 模板 实例化“void breadth_first_search<int>(T **&,std::vector<int,std::allocator<_Ty>> &,int,int)”的引用
          with
          [
              T=int,
              _Ty=int
          ]
c:\users\youna\documents\visual studio 2015\projects\git_algorithms\algrithoms\algoritm.h(417): warning C4018: “<”: 有符号/无符号不匹配
c:\users\youna\documents\visual studio 2015\projects\git_algorithms\algrithoms\algoritm.h(332): warning C4018: “<”: 有符号/无符号不匹配
  c:\users\youna\documents\visual studio 2015\projects\git_algorithms\algrithoms\algoritm.h(410): note: 参见对正在编译的函数 模板 实例化“bool is_in_vector<int>(std::vector<int,std::allocator<_Ty>> &,T)”的引用
          with
          [
              _Ty=int,
              T=int
          ]
  c:\users\youna\documents\visual studio 2015\projects\git_algorithms\algrithoms\main.cpp(152): note: 参见对正在编译的函数 模板 实例化“void breadth_first_search<int>(T **&,std::vector<int,std::allocator<_Ty>> &,int,int)”的引用
          with
          [
              T=int,
              _Ty=int
          ]
  algrithoms.vcxproj -> C:\Users\YOUNA\Documents\Visual Studio 2015\Projects\git_algorithms\Debug\algrithoms.exe
  algrithoms.vcxproj -> C:\Users\YOUNA\Documents\Visual Studio 2015\Projects\git_algorithms\Debug\algrithoms.pdb (Full PDB)
